<?xml version="1.0" encoding="UTF-8"?>
<!-- Generated by org.testng.reporters.JUnitXMLReporter -->
<testsuite ignored="0" hostname="BHUSH" failures="0" tests="4" name="YesTest" time="0.07" errors="0" timestamp="2022-08-11T20:16:59 IST">
  <testcase classname="test.LoginPageTest" name="@BeforeMethod initialzation" time="0.007">
    <failure type="java.lang.NullPointerException" message="Cannot invoke &amp;quot;String.contains(java.lang.CharSequence)&amp;quot; because &amp;quot;browser&amp;quot; is null">
      <![CDATA[java.lang.NullPointerException: Cannot invoke "String.contains(java.lang.CharSequence)" because "browser" is null
at base.TestBase.init(TestBase.java:34)
at test.LoginPageTest.initialzation(LoginPageTest.java:21)
at java.base/java.util.ArrayList.forEach(ArrayList.java:1511)
... Removed 29 stack frames]]>
    </failure>
  </testcase> <!-- @BeforeMethod initialzation -->
  <testcase classname="test.LoginPageTest" name="@AfterMethod closeResources" time="0.0">
    <skipped/>
  </testcase> <!-- @AfterMethod closeResources -->
  <testcase classname="test.LoginPageTest" name="@BeforeMethod initialzation" time="0.0">
    <skipped/>
  </testcase> <!-- @BeforeMethod initialzation -->
  <testcase classname="test.LoginPageTest" name="@AfterMethod closeResources" time="0.0">
    <skipped/>
  </testcase> <!-- @AfterMethod closeResources -->
  <testcase classname="test.LoginPageTest" name="@BeforeMethod initialzation" time="0.0">
    <skipped/>
  </testcase> <!-- @BeforeMethod initialzation -->
  <testcase classname="test.LoginPageTest" name="@AfterMethod closeResources" time="0.0">
    <skipped/>
  </testcase> <!-- @AfterMethod closeResources -->
  <testcase classname="test.HomePageTest" name="@BeforeMethod initialzation" time="0.002">
    <failure type="java.lang.NullPointerException" message="Cannot invoke &amp;quot;String.contains(java.lang.CharSequence)&amp;quot; because &amp;quot;browser&amp;quot; is null">
      <![CDATA[java.lang.NullPointerException: Cannot invoke "String.contains(java.lang.CharSequence)" because "browser" is null
at base.TestBase.init(TestBase.java:34)
at test.HomePageTest.initialzation(HomePageTest.java:24)
at java.base/java.util.ArrayList.forEach(ArrayList.java:1511)
... Removed 29 stack frames]]>
    </failure>
  </testcase> <!-- @BeforeMethod initialzation -->
  <testcase classname="test.HomePageTest" name="@AfterMethod closeResources" time="0.0">
    <skipped/>
  </testcase> <!-- @AfterMethod closeResources -->
  <testcase classname="test.LoginPageTest" name="closeResources" time="0.001">
    <skipped/>
  </testcase> <!-- closeResources -->
  <testcase classname="test.LoginPageTest" name="validateLoginTest" time="0.0">
    <skipped/>
  </testcase> <!-- validateLoginTest -->
  <testcase classname="test.LoginPageTest" name="validateLogoTest" time="0.0">
    <skipped/>
  </testcase> <!-- validateLogoTest -->
  <testcase classname="test.HomePageTest" name="validateLogoutTest" time="0.0">
    <skipped/>
  </testcase> <!-- validateLogoutTest -->
</testsuite> <!-- YesTest -->
