<?xml version="1.0" encoding="UTF-8"?>
<testng-results ignored="0" total="2" passed="0" failed="2" skipped="0">
  <reporter-output>
  </reporter-output>
  <suite started-at="2022-08-14T21:12:43 IST" name="NewSuite" finished-at="2022-08-14T21:15:03 IST" duration-ms="140639">
    <groups>
    </groups>
    <test started-at="2022-08-14T21:12:43 IST" name="regression" finished-at="2022-08-14T21:15:03 IST" duration-ms="140639">
      <class name="test.HomePageTest">
        <test-method is-config="true" signature="initialzation(java.lang.String,java.lang.String)[pri:0, instance:test.HomePageTest@428640fa]" started-at="2022-08-14T21:12:43 IST" name="initialzation" finished-at="2022-08-14T21:14:10 IST" duration-ms="87245" status="PASS">
          <params>
            <param index="0">
              <value>
                <![CDATA[Speedway2016]]>
              </value>
            </param>
            <param index="1">
              <value>
                <![CDATA[Speedway@2016]]>
              </value>
            </param>
          </params>
          <reporter-output>
          </reporter-output>
        </test-method> <!-- initialzation -->
        <test-method signature="validateRedirectionOfNewContactLink()[pri:0, instance:test.HomePageTest@428640fa]" started-at="2022-08-14T21:14:10 IST" name="validateRedirectionOfNewContactLink" finished-at="2022-08-14T21:14:10 IST" duration-ms="311" status="FAIL">
          <exception class="org.openqa.selenium.InvalidSelectorException">
            <message>
              <![CDATA[invalid selector: Unable to locate an element with the xpath expression //*[contains(text()='New Contact'] because of the following error:
SyntaxError: Failed to execute 'evaluate' on 'Document': The string '//*[contains(text()='New Contact']' is not a valid XPath expression.
  (Session info: MicrosoftEdge=104.0.1293.54)
For documentation on this error, please visit: https://selenium.dev/exceptions/#invalid_selector_exception
Build info: version: '4.2.2', revision: '683ccb65d6'
System info: host: 'BHUSH', ip: '192.168.43.107', os.name: 'Windows 11', os.arch: 'amd64', os.version: '10.0', java.version: '18.0.1'
Driver info: org.openqa.selenium.edge.EdgeDriver
Command: [b52af4388eac47a8f88b43aa852d3481, findElement {using=xpath, value=//*[contains(text()='New Contact']}]
Capabilities {acceptInsecureCerts: false, browserName: msedge, browserVersion: 104.0.1293.54, ms:edgeOptions: {debuggerAddress: localhost:58770}, msedge: {msedgedriverVersion: 104.0.1293.54 (cf00dc8720d8..., userDataDir: C:\Users\bhush\AppData\Loca...}, networkConnectionEnabled: false, pageLoadStrategy: normal, platformName: WINDOWS, proxy: Proxy(), se:cdp: ws://localhost:58770/devtoo..., se:cdpVersion: 104.0.1293.54, setWindowRect: true, strictFileInteractability: false, timeouts: {implicit: 0, pageLoad: 300000, script: 30000}, unhandledPromptBehavior: dismiss and notify, webauthn:extension:credBlob: true, webauthn:extension:largeBlob: true, webauthn:virtualAuthenticators: true}
Session ID: b52af4388eac47a8f88b43aa852d3481]]>
            </message>
            <full-stacktrace>
              <![CDATA[org.openqa.selenium.InvalidSelectorException: invalid selector: Unable to locate an element with the xpath expression //*[contains(text()='New Contact'] because of the following error:
SyntaxError: Failed to execute 'evaluate' on 'Document': The string '//*[contains(text()='New Contact']' is not a valid XPath expression.
  (Session info: MicrosoftEdge=104.0.1293.54)
For documentation on this error, please visit: https://selenium.dev/exceptions/#invalid_selector_exception
Build info: version: '4.2.2', revision: '683ccb65d6'
System info: host: 'BHUSH', ip: '192.168.43.107', os.name: 'Windows 11', os.arch: 'amd64', os.version: '10.0', java.version: '18.0.1'
Driver info: org.openqa.selenium.edge.EdgeDriver
Command: [b52af4388eac47a8f88b43aa852d3481, findElement {using=xpath, value=//*[contains(text()='New Contact']}]
Capabilities {acceptInsecureCerts: false, browserName: msedge, browserVersion: 104.0.1293.54, ms:edgeOptions: {debuggerAddress: localhost:58770}, msedge: {msedgedriverVersion: 104.0.1293.54 (cf00dc8720d8..., userDataDir: C:\Users\bhush\AppData\Loca...}, networkConnectionEnabled: false, pageLoadStrategy: normal, platformName: WINDOWS, proxy: Proxy(), se:cdp: ws://localhost:58770/devtoo..., se:cdpVersion: 104.0.1293.54, setWindowRect: true, strictFileInteractability: false, timeouts: {implicit: 0, pageLoad: 300000, script: 30000}, unhandledPromptBehavior: dismiss and notify, webauthn:extension:credBlob: true, webauthn:extension:largeBlob: true, webauthn:virtualAuthenticators: true}
Session ID: b52af4388eac47a8f88b43aa852d3481
at java.base/jdk.internal.reflect.DirectConstructorHandleAccessor.newInstance(DirectConstructorHandleAccessor.java:67)
at java.base/java.lang.reflect.Constructor.newInstanceWithCaller(Constructor.java:499)
at java.base/java.lang.reflect.Constructor.newInstance(Constructor.java:483)
at org.openqa.selenium.remote.codec.w3c.W3CHttpResponseCodec.createException(W3CHttpResponseCodec.java:200)
at org.openqa.selenium.remote.codec.w3c.W3CHttpResponseCodec.decode(W3CHttpResponseCodec.java:133)
at org.openqa.selenium.remote.codec.w3c.W3CHttpResponseCodec.decode(W3CHttpResponseCodec.java:53)
at org.openqa.selenium.remote.HttpCommandExecutor.execute(HttpCommandExecutor.java:184)
at org.openqa.selenium.remote.service.DriverCommandExecutor.invokeExecute(DriverCommandExecutor.java:167)
at org.openqa.selenium.remote.service.DriverCommandExecutor.execute(DriverCommandExecutor.java:142)
at org.openqa.selenium.remote.RemoteWebDriver.execute(RemoteWebDriver.java:569)
at org.openqa.selenium.remote.ElementLocation$ElementFinder$2.findElement(ElementLocation.java:162)
at org.openqa.selenium.remote.ElementLocation.findElement(ElementLocation.java:60)
at org.openqa.selenium.remote.RemoteWebDriver.findElement(RemoteWebDriver.java:387)
at org.openqa.selenium.remote.RemoteWebDriver.findElement(RemoteWebDriver.java:379)
at org.openqa.selenium.support.pagefactory.DefaultElementLocator.findElement(DefaultElementLocator.java:70)
at org.openqa.selenium.support.pagefactory.internal.LocatingElementHandler.invoke(LocatingElementHandler.java:39)
at jdk.proxy2/jdk.proxy2.$Proxy17.click(Unknown Source)
at pages.HomePage.clickOnNewContact(HomePage.java:42)
at test.HomePageTest.validateRedirectionOfNewContactLink(HomePageTest.java:42)
at java.base/jdk.internal.reflect.DirectMethodHandleAccessor.invoke(DirectMethodHandleAccessor.java:104)
at java.base/java.lang.reflect.Method.invoke(Method.java:577)
at org.testng.internal.MethodInvocationHelper.invokeMethod(MethodInvocationHelper.java:133)
at org.testng.internal.TestInvoker.invokeMethod(TestInvoker.java:598)
at org.testng.internal.TestInvoker.invokeTestMethod(TestInvoker.java:173)
at org.testng.internal.MethodRunner.runInSequence(MethodRunner.java:46)
at org.testng.internal.TestInvoker$MethodInvocationAgent.invoke(TestInvoker.java:824)
at org.testng.internal.TestInvoker.invokeTestMethods(TestInvoker.java:146)
at org.testng.internal.TestMethodWorker.invokeTestMethods(TestMethodWorker.java:146)
at org.testng.internal.TestMethodWorker.run(TestMethodWorker.java:128)
at java.base/java.util.ArrayList.forEach(ArrayList.java:1511)
at org.testng.TestRunner.privateRun(TestRunner.java:794)
at org.testng.TestRunner.run(TestRunner.java:596)
at org.testng.SuiteRunner.runTest(SuiteRunner.java:377)
at org.testng.SuiteRunner.runSequentially(SuiteRunner.java:371)
at org.testng.SuiteRunner.privateRun(SuiteRunner.java:332)
at org.testng.SuiteRunner.run(SuiteRunner.java:276)
at org.testng.SuiteRunnerWorker.runSuite(SuiteRunnerWorker.java:53)
at org.testng.SuiteRunnerWorker.run(SuiteRunnerWorker.java:96)
at org.testng.TestNG.runSuitesSequentially(TestNG.java:1212)
at org.testng.TestNG.runSuitesLocally(TestNG.java:1134)
at org.testng.TestNG.runSuites(TestNG.java:1063)
at org.testng.TestNG.run(TestNG.java:1031)
at org.testng.remote.AbstractRemoteTestNG.run(AbstractRemoteTestNG.java:115)
at org.testng.remote.RemoteTestNG.initAndRun(RemoteTestNG.java:251)
at org.testng.remote.RemoteTestNG.main(RemoteTestNG.java:77)
]]>
            </full-stacktrace>
          </exception> <!-- org.openqa.selenium.InvalidSelectorException -->
          <reporter-output>
          </reporter-output>
        </test-method> <!-- validateRedirectionOfNewContactLink -->
        <test-method is-config="true" signature="closeResources()[pri:0, instance:test.HomePageTest@428640fa]" started-at="2022-08-14T21:14:10 IST" name="closeResources" finished-at="2022-08-14T21:14:10 IST" duration-ms="115" status="PASS">
          <reporter-output>
          </reporter-output>
        </test-method> <!-- closeResources -->
        <test-method is-config="true" signature="initialzation(java.lang.String,java.lang.String)[pri:0, instance:test.HomePageTest@428640fa]" started-at="2022-08-14T21:14:10 IST" name="initialzation" finished-at="2022-08-14T21:15:03 IST" duration-ms="52601" status="PASS">
          <params>
            <param index="0">
              <value>
                <![CDATA[Speedway2016]]>
              </value>
            </param>
            <param index="1">
              <value>
                <![CDATA[Speedway@2016]]>
              </value>
            </param>
          </params>
          <reporter-output>
          </reporter-output>
        </test-method> <!-- initialzation -->
        <test-method signature="validateRedirectionOfclickOnCompany()[pri:0, instance:test.HomePageTest@428640fa]" started-at="2022-08-14T21:15:03 IST" name="validateRedirectionOfclickOnCompany" finished-at="2022-08-14T21:15:03 IST" duration-ms="225" status="FAIL">
          <exception class="java.lang.NullPointerException">
            <message>
              <![CDATA[Cannot invoke "pages.CreateCompanyPage.getCompanyPageTxt()" because "this.createCompanyPage" is null]]>
            </message>
            <full-stacktrace>
              <![CDATA[java.lang.NullPointerException: Cannot invoke "pages.CreateCompanyPage.getCompanyPageTxt()" because "this.createCompanyPage" is null
at test.HomePageTest.validateRedirectionOfclickOnCompany(HomePageTest.java:49)
at java.base/jdk.internal.reflect.DirectMethodHandleAccessor.invoke(DirectMethodHandleAccessor.java:104)
at java.base/java.lang.reflect.Method.invoke(Method.java:577)
at org.testng.internal.MethodInvocationHelper.invokeMethod(MethodInvocationHelper.java:133)
at org.testng.internal.TestInvoker.invokeMethod(TestInvoker.java:598)
at org.testng.internal.TestInvoker.invokeTestMethod(TestInvoker.java:173)
at org.testng.internal.MethodRunner.runInSequence(MethodRunner.java:46)
at org.testng.internal.TestInvoker$MethodInvocationAgent.invoke(TestInvoker.java:824)
at org.testng.internal.TestInvoker.invokeTestMethods(TestInvoker.java:146)
at org.testng.internal.TestMethodWorker.invokeTestMethods(TestMethodWorker.java:146)
at org.testng.internal.TestMethodWorker.run(TestMethodWorker.java:128)
at java.base/java.util.ArrayList.forEach(ArrayList.java:1511)
at org.testng.TestRunner.privateRun(TestRunner.java:794)
at org.testng.TestRunner.run(TestRunner.java:596)
at org.testng.SuiteRunner.runTest(SuiteRunner.java:377)
at org.testng.SuiteRunner.runSequentially(SuiteRunner.java:371)
at org.testng.SuiteRunner.privateRun(SuiteRunner.java:332)
at org.testng.SuiteRunner.run(SuiteRunner.java:276)
at org.testng.SuiteRunnerWorker.runSuite(SuiteRunnerWorker.java:53)
at org.testng.SuiteRunnerWorker.run(SuiteRunnerWorker.java:96)
at org.testng.TestNG.runSuitesSequentially(TestNG.java:1212)
at org.testng.TestNG.runSuitesLocally(TestNG.java:1134)
at org.testng.TestNG.runSuites(TestNG.java:1063)
at org.testng.TestNG.run(TestNG.java:1031)
at org.testng.remote.AbstractRemoteTestNG.run(AbstractRemoteTestNG.java:115)
at org.testng.remote.RemoteTestNG.initAndRun(RemoteTestNG.java:251)
at org.testng.remote.RemoteTestNG.main(RemoteTestNG.java:77)
]]>
            </full-stacktrace>
          </exception> <!-- java.lang.NullPointerException -->
          <reporter-output>
          </reporter-output>
        </test-method> <!-- validateRedirectionOfclickOnCompany -->
        <test-method is-config="true" signature="closeResources()[pri:0, instance:test.HomePageTest@428640fa]" started-at="2022-08-14T21:15:03 IST" name="closeResources" finished-at="2022-08-14T21:15:03 IST" duration-ms="92" status="PASS">
          <reporter-output>
          </reporter-output>
        </test-method> <!-- closeResources -->
      </class> <!-- test.HomePageTest -->
    </test> <!-- regression -->
  </suite> <!-- NewSuite -->
</testng-results>
